#
# A fatal error has been detected by the Java Runtime Environment:
#
#  Internal Error (javaClasses.cpp:129), pid=5504, tid=8816
#  fatal error: Invalid layout of preloaded class
#
# JRE version: 7.0_21-b11
# Java VM: Java HotSpot(TM) 64-Bit Server VM (23.21-b01 mixed mode windows-amd64 compressed oops)
# Failed to write core dump. Minidumps are not enabled by default on client versions of Windows
#
# If you would like to submit a bug report, please visit:
#   http://bugreport.sun.com/bugreport/crash.jsp
#

---------------  T H R E A D  ---------------

Current thread (0x000000000281d800):  JavaThread "Unknown thread" [_thread_in_vm, id=8816, stack(0x0000000002820000,0x0000000002920000)]

Stack: [0x0000000002820000,0x0000000002920000]

---------------  P R O C E S S  ---------------

Java Threads: ( => current thread )

Other Threads:

=>0x000000000281d800 (exited) JavaThread "Unknown thread" [_thread_in_vm, id=8816, stack(0x0000000002820000,0x0000000002920000)]

VM state:not at safepoint (not fully initialized)

VM Mutex/Monitor currently owned by a thread: None

GC Heap History (0 events):
No events

Deoptimization events (0 events):
No events

Internal exceptions (0 events):
No events

Events (10 events):
Event: 0.026 loading class 0x0000000002933c10 done
Event: 0.026 loading class 0x0000000002933be0 done
Event: 0.026 loading class 0x0000000002933bb0
Event: 0.027 loading class 0x0000000008b6e850
Event: 0.027 loading class 0x0000000008b6e850 done
Event: 0.027 loading class 0x0000000008b6e410
Event: 0.027 loading class 0x0000000008b6e410 done
Event: 0.027 loading class 0x0000000008b6c670
Event: 0.027 loading class 0x0000000008b6c670 done
Event: 0.027 loading class 0x0000000002933bb0 done


Dynamic libraries:
0x000007f6df120000 - 0x000007f6df153000 	C:\Program Files\Java\jre7\bin\javaw.exe
0x000007f930c60000 - 0x000007f930e20000 	C:\Windows\SYSTEM32\ntdll.dll
0x000007f92fbe0000 - 0x000007f92fd16000 	C:\Windows\system32\KERNEL32.DLL
0x000007f92d1b0000 - 0x000007f92d2a3000 	C:\Windows\system32\KERNELBASE.dll
0x000007f92fd30000 - 0x000007f92fe0e000 	C:\Windows\system32\ADVAPI32.dll
0x000007f92df60000 - 0x000007f92e0ac000 	C:\Windows\system32\USER32.dll
0x000007f92a5a0000 - 0x000007f92a80a000 	C:\Windows\WinSxS\amd64_microsoft.windows.common-controls_6595b64144ccf1df_6.0.9200.16579_none_418ab7ef718b27ef\COMCTL32.dll
0x000007f92d6c0000 - 0x000007f92d765000 	C:\Windows\system32\msvcrt.dll
0x000007f92fe10000 - 0x000007f92fe58000 	C:\Windows\SYSTEM32\sechost.dll
0x000007f92fe60000 - 0x000007f92ffa0000 	C:\Windows\system32\RPCRT4.dll
0x000007f92d3b0000 - 0x000007f92d4f0000 	C:\Windows\system32\GDI32.dll
0x000007f92f660000 - 0x000007f92f699000 	C:\Windows\system32\IMM32.DLL
0x000007f92d7e0000 - 0x000007f92d8f5000 	C:\Windows\system32\MSCTF.dll
0x000007f92ce20000 - 0x000007f92ce60000 	C:\Windows\system32\nvinitx.dll
0x000000005aee0000 - 0x000000005afb1000 	C:\Program Files\Java\jre7\bin\msvcr100.dll
0x000000005a7b0000 - 0x000000005aed1000 	C:\Program Files\Java\jre7\bin\server\jvm.dll
0x000007f926cd0000 - 0x000007f926cd9000 	C:\Windows\SYSTEM32\WSOCK32.dll
0x000007f929b80000 - 0x000007f929ba0000 	C:\Windows\SYSTEM32\WINMM.dll
0x000007f92fd20000 - 0x000007f92fd27000 	C:\Windows\system32\PSAPI.DLL
0x000007f92e0b0000 - 0x000007f92e108000 	C:\Windows\system32\WS2_32.dll
0x000007f929b30000 - 0x000007f929b62000 	C:\Windows\SYSTEM32\WINMMBASE.dll
0x000007f92f870000 - 0x000007f92f879000 	C:\Windows\system32\NSI.dll
0x000000005b750000 - 0x000000005b75f000 	C:\Program Files\Java\jre7\bin\verify.dll
0x000000005b720000 - 0x000000005b748000 	C:\Program Files\Java\jre7\bin\java.dll
0x000000005b360000 - 0x000000005b375000 	C:\Program Files\Java\jre7\bin\zip.dll

VM Arguments:
jvm_args: -Dfile.encoding=Cp1252 -Xbootclasspath:C:\Program Files (x86)\Android\android-sdk\platforms\android-16\android.jar 
java_command: <unknown>
Launcher Type: SUN_STANDARD

Environment Variables:
JAVA_HOME=C:\Program Files\Java\jdk1.7.0_21
PATH=C:\Program Files (x86)\NVIDIA Corporation\PhysX\Common;C:\Windows\system32;C:\Windows;C:\Windows\System32\Wbem;C:\Windows\System32\WindowsPowerShell\v1.0\;C:\Program Files (x86)\Toshiba\Bluetooth Toshiba Stack\sys\;C:\Program Files (x86)\Toshiba\Bluetooth Toshiba Stack\sys\x64\;C:\Program Files\MATLAB\R2013a\runtime\win64;C:\Program Files\MATLAB\R2013a\bin;C:\Program Files (x86)\Android\android-sdk\tools;C:\Program Files (x86)\Android\android-sdk\platform-tools;C:\Users\Patrick\Desktop\Studium\eclipse\plugins\org.apache.ant_1.8.3.v20120321-1730;C:\Ruby200-x64\bin;C:\Program Files\Java\jdk1.7.0_21;C:\Program Files\Java\jre7;0X0.000000P-1022NT_HOME/bin;C:\Ruby193\bin
USERNAME=Patrick
OS=Windows_NT
PROCESSOR_IDENTIFIER=Intel64 Family 6 Model 42 Stepping 7, GenuineIntel



---------------  S Y S T E M  ---------------

OS: Windows 8 , 64 bit Build 9200 

CPU:total 4 (2 cores per cpu, 2 threads per core) family 6 model 42 stepping 7, cmov, cx8, fxsr, mmx, sse, sse2, sse3, ssse3, sse4.1, sse4.2, popcnt, avx, ht, tsc, tscinvbit

Memory: 4k page, physical 4042604k(1787896k free), swap 5156716k(2045032k free)

vm_info: Java HotSpot(TM) 64-Bit Server VM (23.21-b01) for windows-amd64 JRE (1.7.0_21-b11), built on Apr  4 2013 08:11:28 by "java_re" with unknown MS VC++:1600

time: Mon Jun 17 20:10:54 2013
elapsed time: 0 seconds

